     1                                  bits 32
     2                                  global start        
     3                                  
     4                                  extern exit,fopen,fread,fclose
     5                                  import exit msvcrt.dll
     6                                  import fopen msvcrt.dll
     7                                  import fread msvcrt.dll
     8                                  import fclose msvcrt.dll
     9                                  
    10                                  segment data use32 class=data
    11                                  
    12 00000000 74657874756C2E7478-         nume_fisier db "textul.txt",0
    12 00000009 7400               
    13 0000000B 7200                        mod_acces db "r",0
    14                                      
    15                                      
    16                                      
    17 0000000D FFFFFFFF                    descriptor dd -1
    18                                      len equ 100
    19 00000011 00<rept>                    text times len db 0
    20                                      
    21                                      
    22                                  
    23                                  
    24                                  segment code use32 class=code
    25                                      start:
    26                                      
    27 00000000 68[0B000000]                    push dword mod_acces
    28 00000005 68[00000000]                    push dword nume_fisier
    29 0000000A FF15[00000000]                  call [fopen]
    30 00000010 83C408                          add esp,4*2
    31                                          
    32 00000013 A3[0D000000]                    mov [descriptor], eax
    33                                          
    34 00000018 83F800                          cmp eax,0
    35 0000001B 7443                            je final
    36                                          
    37 0000001D FF35[0D000000]                  push dword [descriptor]
    38 00000023 6A64                            push dword len
    39 00000025 6A01                            push dword 1
    40 00000027 68[11000000]                    push dword text
    41 0000002C FF15[00000000]                  call [fread]
    42 00000032 83C410                          add esp, 4*4
    43                                          
    44 00000035 BE[11000000]                    mov esi , dword text
    45                                          
    46                                          
    47 0000003A 89C1                            mov ecx,eax
    48 0000003C BB00000000                      mov ebx,0
    49 00000041 E31D                            jecxz final
    50                                          
    51                                          next_car:
    52                                          
    53                                              
    54 00000043 AC                                  lodsb;al caracter din text
    55                                              
    56                                              
    57                                  
    58 00000044 2C30                                sub al,'0'
    59                                              
    60 00000046 3C09                                cmp al, 9
    61 00000048 7705                                ja continua
    62                                              
    63 0000004A D0E8                                shr al,1
    64 0000004C 7201                                jc continua
    65                                              
    66                                  
    67                                              gasit:
    68 0000004E 43                                      inc ebx
    69                                   
    70                                              
    71                                              continua:
    72                                              
    73 0000004F E2F2                            loop next_car
    74                                          
    75                                          
    76                                          
    77                                          
    78                                          
    79                                          
    80                                          
    81                                          
    82                                          
    83                                          
    84                                          
    85                                          
    86                                          
    87 00000051 FF35[0D000000]                  push dword [descriptor]
    88 00000057 FF15[00000000]                  call [fclose]
    89 0000005D 83C404                          add esp,4
    90                                          
    91                                          final:
    92                                  
    93                                  
    94 00000060 6A00                            push    dword 0
    95 00000062 FF15[00000000]                  call    [exit]
