     1                                  bits 32
     2                                  global start        
     3                                  
     4                                  extern exit,fopen,fread,fclose
     5                                  import exit msvcrt.dll
     6                                  import fopen msvcrt.dll
     7                                  import fread msvcrt.dll
     8                                  import fclose msvcrt.dll
     9                                  
    10                                  segment data use32 class=data
    11                                  
    12 00000000 74657874756C2E7478-         nume_fisier db "textul.txt",0
    12 00000009 7400               
    13 0000000B 7200                        mod_acces db "r",0
    14                                      
    15 0000000D 6165696F754145494F-         vocale db "aeiouAEIOU",0
    15 00000016 5500               
    16                                      
    17 00000018 FFFFFFFF                    descriptor dd -1
    18                                      len equ 100
    19 0000001C 00<rept>                    text times len db 0
    20                                      
    21                                  
    22                                  
    23                                  segment code use32 class=code
    24                                      start:
    25                                      
    26 00000000 68[0B000000]                    push dword mod_acces
    27 00000005 68[00000000]                    push dword nume_fisier
    28 0000000A FF15[00000000]                  call [fopen]
    29 00000010 83C408                          add esp,4*2
    30                                          
    31 00000013 A3[18000000]                    mov [descriptor], eax
    32                                          
    33 00000018 83F800                          cmp eax,0
    34 0000001B 744F                            je final
    35                                          
    36 0000001D FF35[18000000]                  push dword [descriptor]
    37 00000023 6A64                            push dword len
    38 00000025 6A01                            push dword 1
    39 00000027 68[1C000000]                    push dword text
    40 0000002C FF15[00000000]                  call [fread]
    41 00000032 83C410                          add esp, 4*4
    42                                          
    43 00000035 BE[1C000000]                    mov esi , dword text
    44                                          
    45                                          
    46 0000003A B964000000                      mov ecx,len
    47 0000003F BB00000000                      mov ebx,0
    48 00000044 E326                            jecxz final
    49                                          
    50                                          next_car:
    51                                          
    52 00000046 BF[0D000000]                        mov edi , dword vocale
    53 0000004B AC                                  lodsb;al caracter din text
    54                                              
    55 0000004C 51                                  push ecx
    56 0000004D B90A000000                          mov ecx,10
    57                                              check:
    58 00000052 AE                                      scasb
    59 00000053 7404                                    je gasit
    60 00000055 E2FB                                loop check
    61                                              
    62                                              
    63 00000057 EB01                                jmp continua
    64                                              
    65                                              gasit:
    66 00000059 43                                      inc ebx
    67                                              
    68                                              
    69                                              
    70                                              
    71                                              continua:
    72 0000005A 59                                  pop ecx
    73 0000005B E2E9                            loop next_car
    74                                          
    75                                          
    76                                          
    77                                          
    78                                          
    79                                          
    80                                          
    81                                          
    82                                          
    83                                          
    84                                          
    85                                          
    86                                          
    87 0000005D FF35[18000000]                  push dword [descriptor]
    88 00000063 FF15[00000000]                  call [fclose]
    89 00000069 83C404                          add esp,4
    90                                          
    91                                          final:
    92                                  
    93                                  
    94 0000006C 6A00                            push    dword 0
    95 0000006E FF15[00000000]                  call    [exit]
