     1                                  bits 32
     2                                  global start        
     3                                  
     4                                  extern exit,fopen,fread,fclose
     5                                  import exit msvcrt.dll
     6                                  import fopen msvcrt.dll
     7                                  import fread msvcrt.dll
     8                                  import fclose msvcrt.dll
     9                                  
    10                                  segment data use32 class=data
    11                                  
    12 00000000 74657874756C2E7478-         nume_fisier db "textul.txt",0
    12 00000009 7400               
    13 0000000B 7200                        mod_acces db "r",0
    14                                      
    15 0000000D 6263646667686A6B6C-         vocale db "bcdfghjklmnpqrstvwxyz",0
    15 00000016 6D6E70717273747677-
    15 0000001F 78797A00           
    16                                      
    17 00000023 FFFFFFFF                    descriptor dd -1
    18                                      len equ 100
    19 00000027 00<rept>                    text times len db 0
    20                                      
    21                                      
    22                                  
    23                                  
    24                                  segment code use32 class=code
    25                                      start:
    26                                      
    27 00000000 68[0B000000]                    push dword mod_acces
    28 00000005 68[00000000]                    push dword nume_fisier
    29 0000000A FF15[00000000]                  call [fopen]
    30 00000010 83C408                          add esp,4*2
    31                                          
    32 00000013 A3[23000000]                    mov [descriptor], eax
    33                                          
    34 00000018 83F800                          cmp eax,0
    35 0000001B 744F                            je final
    36                                          
    37 0000001D FF35[23000000]                  push dword [descriptor]
    38 00000023 6A64                            push dword len
    39 00000025 6A01                            push dword 1
    40 00000027 68[27000000]                    push dword text
    41 0000002C FF15[00000000]                  call [fread]
    42 00000032 83C410                          add esp, 4*4
    43                                          
    44 00000035 BE[27000000]                    mov esi , dword text
    45                                          
    46                                          
    47 0000003A B964000000                      mov ecx,len
    48 0000003F BB00000000                      mov ebx,0
    49 00000044 E326                            jecxz final
    50                                          
    51                                          next_car:
    52                                          
    53 00000046 BF[0D000000]                        mov edi , dword vocale
    54 0000004B AC                                  lodsb;al caracter din text
    55                                              
    56 0000004C 51                                  push ecx
    57 0000004D B915000000                          mov ecx,21
    58                                              check:
    59 00000052 AE                                      scasb
    60 00000053 7404                                    je gasit
    61 00000055 E2FB                                loop check
    62                                              
    63                                              
    64 00000057 EB01                                jmp continua
    65                                              
    66                                              gasit:
    67 00000059 43                                      inc ebx
    68                                              
    69                                              
    70                                              
    71                                              
    72                                              continua:
    73 0000005A 59                                  pop ecx
    74 0000005B E2E9                            loop next_car
    75                                          
    76                                          
    77                                          
    78                                          
    79                                          
    80                                          
    81                                          
    82                                          
    83                                          
    84                                          
    85                                          
    86                                          
    87                                          
    88 0000005D FF35[23000000]                  push dword [descriptor]
    89 00000063 FF15[00000000]                  call [fclose]
    90 00000069 83C404                          add esp,4
    91                                          
    92                                          final:
    93                                  
    94                                  
    95 0000006C 6A00                            push    dword 0
    96 0000006E FF15[00000000]                  call    [exit]
