     1                                  bits 32 
     2                                  
     3                                  global start        
     4                                  
     5                                  
     6                                  extern exit   
     7                                  import exit msvcrt.dll   
     8                                  
     9 00000000 57                      a db 01010111b
    10 00000001 BE9B                    b dw 1001101110111110b
    11 00000003 00000000                c dd 0
    12                                  
    13                                  
    14                                  segment data use32 class=data
    15                                  segment code use32 class=code
    16                                      start:
    17                                      ;bitii 0-7 ai lui C au valoarea 1
    18 00000000 A1[03000000]                mov eax , [c]
    19 00000005 0CFF                        or al, 0xFF ; c = 00000000000000000000000011111111
    20                                                  ;                                   AL
    21                                  
    22                                      ;bitii 8-11 ai lui C coincid cu bitii 4-7 ai lui A
    23 00000007 31DB                        xor ebx, ebx
    24 00000009 8A1D[00000000]              mov bl, [a] 
    25 0000000F 80E3F0                      and bl, 11110000b ; bl = xxxx(din a) 0000
    26 00000012 B700                        mov bh,0
    27 00000014 B104                        mov cl ,4
    28 00000016 66D3E3                      shl bx, cl; bx = 0000 xxxx 0000 0000 
    29                                  
    30                                      
    31 00000019 6609D8                      or ax, bx; eax = 000000000000 0000-0000XXXX 11111111
    32                                      
    33                                      
    34                                      ;bitii 12-19 coincid cu bitii 2-9 ai lui B
    35 0000001C BB00000000                  mov ebx,0
    36 00000021 668B1D[01000000]            mov bx , [b]
    37 00000028 B102                        mov cl,2  ; da delete la bitii 0 1 
    38 0000002A 66D3EB                      shr bx, cl
    39                                      ;acum in bl avem bitii 2-9 lui b
    40 0000002D 88DF                        mov bh, bl; bh = 2-9 din b
    41 0000002F B300                        mov bl,0 
    42                                      ; ebx = 00000000 00000000 xxxxxxxx 00000000
    43 00000031 B104                        mov cl, 4
    44 00000033 D3E3                        shl ebx,cl ; ebx 00000000 0000xxxx xxxx0000 00000000
    45                                      
    46 00000035 09D8                        or EAX, ebx;  000000000000(b:6-9)   (b:2-5)(a:4-7) 11111111
    47                                      
    48 00000037 BB00000000                  mov ebx ,0
    49 0000003C 8A3D[00000000]              mov bh,[a]
    50 00000042 80E70F                      and bh, 00001111b
    51 00000045 B10C                        mov cl , 12
    52 00000047 D3E3                        shl ebx, cl
    53                                      ; EBX = 00000000 xxxx 000..00000
    54                                      
    55 00000049 09D8                        or EAX, EBX; EAX = 00 7E F5 FF
    56                                      
    57                                      ;bitii 24-31 coincid cu octetului high din cuvantul B
    58 0000004B BB00000000                  mov ebx,0
    59 00000050 668B1D[01000000]            mov bx, [b]
    60 00000057 B300                        mov bl,0
    61 00000059 C1E310                      shl ebx, 16
    62                                      
    63 0000005C 09D8                        or EAX, EBX
    64                                      
    65                                      
    66                                      
    67                                      
    68                                      
    69                                      
    70                                      
    71                                      
    72                                      
    73                                          
    74                                        
    75                                      
    76                                  
    77                                      
    78                                      
    79                                      
    80                                  
    81 0000005E 6A00                            push    dword 0  
    82 00000060 FF15[00000000]                  call    [exit]   
