[2025-03-06 16:45:00] [info] Start Program:
Path:"C:\Users\Top Dev Bln\Desktop\UBB\Semestrul 2\OOP\lab1\Laborator1\x64\Debug\Laborator1.exe"
Arguments:
Working directory: "C:\Users\Top Dev Bln\Desktop\UBB\Semestrul 2\OOP\lab1\Laborator1\"
Modules: Selected: C:\Users\Top Dev Bln\Desktop\UBB\Semestrul 2\OOP\lab1\Laborator1\x64\Debug\Laborator1.exe Excluded: 
Sources: Selected: C:\Users\Top Dev Bln\Desktop\UBB\Semestrul 2\OOP\lab1\Laborator1 Excluded: 
Log Level: Normal
Cover Children: 0
Aggregate by file: 1
Continue after C++ exception: 0
Optimized build support: 0
Export: Binary C:\Users\Top Dev Bln\AppData\Local\Temp\g4kpzixv.bju 
Input coverage: 
Unified diff: 
Excluded line regular expressions: 
Substitute pdb source paths: 

[2025-03-06 16:45:00] [info] Module: C:\Users\Top Dev Bln\Desktop\UBB\Semestrul 2\OOP\lab1\Laborator1\x64\Debug\Laborator1.exe is selected because it matches selected pattern: C:\Users\Top Dev Bln\Desktop\UBB\Semestrul 2\OOP\lab1\Laborator1\x64\Debug\Laborator1.exe
[2025-03-06 17:08:45] [info] ----------------------------------------------------
[2025-03-06 17:08:45] [info] Coverage binary generated in file: C:\Users\Top Dev Bln\AppData\Local\Temp\g4kpzixv.bju
[2025-03-06 17:08:45] [info] ----------------------------------------------------
[2025-03-06 17:08:45] [error] Your program stop with error code: 1
