     1                                  bits 32
     2                                  global start        
     3                                  
     4                                  extern exit, scanf, printf
     5                                  import exit msvcrt.dll
     6                                  import scanf msvcrt.dll
     7                                  import printf msvcrt.dll
     8                                  
     9                                  segment data use32 class=data
    10 00000000 61203D202564202862-         mess db "a = %d (baza 10), a = %x (baza 16)",0
    10 00000009 617A61203130292C20-
    10 00000012 61203D202578202862-
    10 0000001B 617A612031362900   
    11 00000023 A7FFFFFF                    a dd -89
    12                                  
    13                                      
    14                                  
    15                                  segment code use32 class=code
    16                                      start:
    17                                      
    18                                   
    19                                          
    20                                          
    21 00000000 FF35[23000000]                  push dword [a]
    22 00000006 FF35[23000000]                  push dword [a]
    23 0000000C 68[00000000]                    push mess
    24 00000011 FF15[00000000]                  call [printf]
    25 00000017 83C408                          add esp, 4*2
    26                                      
    27                                      
    28                                      
    29                                  
    30                                  
    31 0000001A 6A00                            push    dword 0
    32 0000001C FF15[00000000]                  call    [exit]
