     1                                  bits 32
     2                                  global start
     3                                  
     4                                  
     5                                  extern exit, scanf,printf
     6                                  import exit msvcrt.dll
     7                                  import scanf msvcrt.dll
     8                                  import printf msvcrt.dll
     9                                  
    10                                  
    11                                  segment data use32 class=data
    12                                  
    13 00000000 00000000                    zece dd 0
    14 00000004 00000000                    saispe dd 0
    15                                      
    16 00000008 256400                      format_zece db "%d",0
    17 0000000B 257800                      format_saispe db "%x",0
    18                                      
    19 0000000E 256400                      mesaj db "%d",0
    20                                  
    21                                  segment code use32 class=code
    22                                  
    23                                      start:
    24                                      
    25 00000000 68[00000000]                    push dword zece
    26 00000005 68[08000000]                    push dword format_zece
    27 0000000A FF15[00000000]                  call [scanf]
    28 00000010 83C408                          add esp ,4*2
    29                                          
    30 00000013 68[04000000]                    push dword saispe
    31 00000018 68[0B000000]                    push dword format_saispe
    32 0000001D FF15[00000000]                  call [scanf]
    33 00000023 83C408                          add esp ,4*2
    34                                  
    35                                          
    36 00000026 A1[00000000]                    mov eax , [zece]
    37 0000002B 0305[04000000]                  add eax, dword [saispe]
    38                                          
    39 00000031 B920000000                      mov ecx, 8*4
    40 00000036 BB00000000                      mov ebx,0
    41                                          
    42                                          repeta:
    43                                          
    44 0000003B D1E8                                shr eax, 1
    45 0000003D 83D300                              adc ebx,0
    46                                         
    47 00000040 E2F9                            loop repeta
    48                                          
    49                                          
    50                                  
    51                                          
    52                                          
    53 00000042 53                              push ebx
    54 00000043 68[0E000000]                    push mesaj
    55 00000048 FF15[00000000]                  call [printf]
    56 0000004E 83C408                          add esp, 4*2
    57                                          
    58                                      
    59 00000051 6A00                            push    dword 0
    60 00000053 FF15[00000000]                  call    [exit]
