     1                                  bits 32
     2                                  global start        
     3                                  
     4                                  extern exit, scanf
     5                                  import exit msvcrt.dll
     6                                  import scanf msvcrt.dll
     7                                  
     8                                  segment data use32 class=data
     9                                  
    10 00000000 00000000                    a dd 0
    11 00000004 00000000                    b dd 0
    12 00000008 0000000000000000            rezultat dq 0
    13 00000010 256400                      format db "%d",0
    14                                      
    15                                  
    16                                  segment code use32 class=code
    17                                      start:
    18                                      
    19 00000000 68[00000000]                    push dword a
    20 00000005 68[10000000]                    push dword format
    21 0000000A FF15[00000000]                  call [scanf]
    22 00000010 83C408                          add esp, 4*2
    23                                          
    24 00000013 68[04000000]                    push dword b
    25 00000018 68[10000000]                    push dword format
    26 0000001D FF15[00000000]                  call [scanf]
    27 00000023 83C408                          add esp, 4*2
    28                                          
    29                                       
    30 00000026 A1[00000000]                    mov eax,[a]
    31 0000002B 8B1D[04000000]                  mov ebx,[b]
    32 00000031 F7E3                            mul ebx
    33 00000033 A3[08000000]                    mov [rezultat],eax
    34 00000038 8915[0C000000]                  mov [rezultat+4],edx
    35                                          
    36                                          
    37                                          
    38                                          
    39                                     
    40                                          
    41                                  
    42                                  
    43 0000003E 6A00                            push    dword 0
    44 00000040 FF15[00000000]                  call    [exit]
