     1                                  bits 32
     2                                  global start
     3                                  
     4                                  
     5                                  extern exit, scanf,printf
     6                                  import exit msvcrt.dll
     7                                  import scanf msvcrt.dll
     8                                  import printf msvcrt.dll
     9                                  
    10                                  
    11                                  segment data use32 class=data
    12                                  
    13 00000000 256C6C6400                  format db "%lld",0
    14 00000005 256400                      form db "%d",0
    15                                  
    16                                      
    17 00000008 00000000                    a dd 0
    18 0000000C 00000000                    b dd 0
    19 00000010 11000000                    k dd 17
    20                                  
    21                                  
    22                                  segment code use32 class=code
    23                                  
    24                                      start:
    25                                      
    26 00000000 68[08000000]                    push dword a
    27 00000005 68[05000000]                    push dword form
    28 0000000A FF15[00000000]                  call [scanf]
    29 00000010 83C408                          add esp ,4*2
    30                                          
    31 00000013 68[0C000000]                    push dword b
    32 00000018 68[05000000]                    push dword form
    33 0000001D FF15[00000000]                  call [scanf]
    34 00000023 83C408                          add esp ,4*2
    35                                          
    36 00000026 A1[08000000]                    mov eax, [a] 
    37 0000002B 0305[0C000000]                  add eax, [b]
    38                                          
    39 00000031 8B1D[10000000]                  mov ebx, [k]
    40 00000037 F7E3                            mul ebx
    41                                          
    42                                          
    43                                           
    44                                          
    45 00000039 52                              push edx
    46 0000003A 50                              push eax
    47 0000003B 68[00000000]                    push dword format
    48 00000040 FF15[00000000]                  call [printf]
    49 00000046 83C40C                          add esp, 4*3
    50                                          
    51                                    
    52 00000049 6A00                            push    dword 0
    53 0000004B FF15[00000000]                  call    [exit]
    54                                          
    55                                          
