     1                                  bits 32
     2                                  global start        
     3                                  
     4                                  extern exit, scanf, printf
     5                                  import exit msvcrt.dll
     6                                  import scanf msvcrt.dll
     7                                  import printf msvcrt.dll
     8                                  
     9                                  segment data use32 class=data
    10 00000000 2564206D6F64202564-         mesaj db "%d mod %d=%d",0
    10 00000009 3D256400           
    11 0000000D 256400                      format db "%d",0
    12 00000010 00000000                    a dd 0 
    13 00000014 0000                        b dw 0
    14                                      
    15                                  
    16                                  segment code use32 class=code
    17                                      start:
    18                                      
    19 00000000 68[10000000]                    push dword a
    20 00000005 68[0D000000]                    push format
    21 0000000A FF15[00000000]                  call [scanf]
    22 00000010 83C404                          add esp, 4*1
    23                                          
    24 00000013 68[14000000]                    push dword b
    25 00000018 68[0D000000]                    push format
    26 0000001D FF15[00000000]                  call [scanf]
    27 00000023 83C404                          add esp, 4*1
    28                                          
    29 00000026 66A1[10000000]                  mov ax, [a]
    30 0000002C 668B15[12000000]                mov dx, [a+2]
    31                                          
    32 00000033 668B1D[14000000]                mov bx, [b]
    33 0000003A 66F7FB                          idiv bx; restul e in dx
    34 0000003D 6689D0                          mov ax, dx
    35                                          
    36 00000040 98                              cwde ; restul e in eax
    37 00000041 50                              push eax
    38                                          
    39                                          
    40 00000042 FF35[10000000]                  push dword [a]
    41 00000048 6689D8                          mov ax, bx
    42 0000004B 98                              cwde
    43 0000004C 50                              push eax
    44                                          
    45                                          
    46 0000004D 68[00000000]                    push mesaj
    47 00000052 FF15[00000000]                  call [printf]
    48 00000058 83C408                          add esp, 4*2
    49                                      
    50                                      
    51                                      
    52                                  
    53                                  
    54 0000005B 6A00                            push    dword 0
    55 0000005D FF15[00000000]                  call    [exit]
