     1                                  bits 32
     2                                  global start
     3                                  
     4                                  
     5                                  extern exit, scanf,printf
     6                                  import exit msvcrt.dll
     7                                  import scanf msvcrt.dll
     8                                  import printf msvcrt.dll
     9                                  
    10                                  
    11                                  segment data use32 class=data
    12                                  
    13 00000000 00000000                    n dd 0
    14 00000004 257800                      mesaj db "%x",0
    15 00000007 256400                      format db "%d",0
    16                                  
    17                                  segment code use32 class=code
    18                                  
    19                                      start:
    20                                      
    21 00000000 68[00000000]                    push dword n
    22 00000005 68[07000000]                    push dword format
    23 0000000A FF15[00000000]                  call [scanf]
    24 00000010 83C408                          add esp ,4*2
    25                                          
    26                                  
    27                                          
    28                                   
    29                                  
    30                                          
    31                                          
    32 00000013 FF35[00000000]                  push dword [n]
    33 00000019 68[04000000]                    push mesaj
    34 0000001E FF15[00000000]                  call [printf]
    35 00000024 83C408                          add esp, 4*2
    36                                          
    37                                      
    38 00000027 6A00                            push    dword 0
    39 00000029 FF15[00000000]                  call    [exit]
