     1                                  bits 32
     2                                  
     3                                  global start        
     4                                  
     5                                  
     6                                  extern exit
     7                                  import exit msvcrt.dll
     8                                  
     9                                  segment data use32 class=data
    10                                  
    11 00000000 02                       a db 2
    12 00000001 0100                     b dw 1
    13 00000003 04000000                 c dd 4
    14 00000007 0800000000000000         d dq 8
    15                                   
    16                                  
    17                                  segment code use32 class=code
    18                                      start:
    19                                  
    20                                      ;c-a-(b+a)+c = c+c-a-a-b
    21                                      
    22 00000000 A1[03000000]                mov eax, [c]
    23 00000005 01C0                        add eax, eax; eax = c+c
    24 00000007 BB00000000                  mov ebx,0
    25 0000000C 8A1D[00000000]              mov bl, [a] ;
    26 00000012 29D8                        sub eax, ebx
    27 00000014 29D8                        sub eax, ebx
    28 00000016 BA00000000                  mov edx,0
    29 0000001B 668B15[01000000]            mov dx, [b]
    30 00000022 29D0                        sub eax,edx
    31                                      
    32                                      
    33                                      
    34                                      
    35                                      
    36                                      
    37                                      
    38                                      
    39                                      
    40                                      
    41                                      
    42                                  
    43 00000024 6A00                            push    dword 0
    44 00000026 FF15[00000000]                  call    [exit] 
