     1                                  bits 32
     2                                  
     3                                  global start        
     4                                  
     5                                  
     6                                  extern exit
     7                                  import exit msvcrt.dll
     8                                  
     9                                  segment data use32 class=data
    10                                  
    11 00000000 01                       a db 1
    12 00000001 0200                     b dw 2
    13 00000003 08000000                 c dd 8
    14 00000007 0400000000000000         d dq 4
    15                                   
    16                                  
    17                                  segment code use32 class=code
    18                                      start:
    19                                  
    20                                      ;(c+b)-a-(d+d)
    21                                      
    22 00000000 8B1D[03000000]              mov ebx,[c] ; EBX= c
    23 00000006 66A1[01000000]              mov ax, [b]
    24 0000000C 98                          cwde ; EAX = b
    25                                      
    26 0000000D 01C3                        add ebx, eax ; EBX = (c+b)
    27                                      
    28 0000000F A0[00000000]                mov al, [a]
    29 00000014 6698                        cbw ; AX = a
    30 00000016 98                          cwde; EAX = a
    31                                      
    32 00000017 29C3                        sub ebx, eax;ebx = (c+b)-a
    33 00000019 89D8                        mov eax,ebx
    34                                      
    35 0000001B 99                          cdq ; EDX:EAX = (c+b)-a
    36                                      
    37                                  
    38 0000001C 8B1D[07000000]              mov ebx, [d]
    39 00000022 8B0D[0B000000]              mov ecx, [d+4]; ecx:ebx = d
    40                                      
    41 00000028 29D8                        sub eax,ebx
    42 0000002A 19CA                        sbb edx,ecx
    43                                      
    44 0000002C 29D8                        sub eax,ebx
    45 0000002E 19CA                        sbb edx,ecx
    46                                      
    47                                  
    48                                      
    49                                      
    50                                      
    51                                      
    52                                      
    53                                      
    54                                      
    55                                      
    56                                  
    57 00000030 6A00                            push    dword 0
    58 00000032 FF15[00000000]                  call    [exit] 
