     1                                  bits 32
     2                                  
     3                                  global start        
     4                                  
     5                                  
     6                                  extern exit
     7                                  import exit msvcrt.dll
     8                                  
     9                                  segment data use32 class=data
    10                                  
    11 00000000 02                       a db 2
    12 00000001 0100                     b dw 1
    13 00000003 04000000                 c dd 4
    14 00000007 0800000000000000         d dq 8
    15                                   
    16                                  
    17                                  
    18                                  segment code use32 class=code
    19                                      start:
    20                                      ;(b+b)+(c-a)+d
    21 00000000 66A1[01000000]              mov ax, [b]
    22 00000006 6601C0                      add ax, ax
    23 00000009 BA00000000                  mov edx , 0
    24 0000000E 6689C2                      mov dx ,ax;  edx = b+b
    25 00000011 A1[03000000]                mov eax , [c]
    26 00000016 BB00000000                  mov ebx, 0
    27 0000001B 8A1D[00000000]              mov bl, [a]
    28 00000021 29D8                        sub eax, ebx  ; eax = c-a
    29 00000023 01D0                        add eax, edx
    30 00000025 BA00000000                  mov edx,0
    31 0000002A 0305[07000000]              add eax, [d]
    32 00000030 1315[0B000000]              adc edx, [d+4]
    33                                      
    34                                  
    35                                      
    36                                      
    37                                      
    38                                      
    39                                      
    40                                      
    41                                      
    42                                  
    43 00000036 6A00                            push    dword 0
    44 00000038 FF15[00000000]                  call    [exit] 
