     1                                  bits 32
     2                                  
     3                                  global start        
     4                                  
     5                                  
     6                                  extern exit
     7                                  import exit msvcrt.dll
     8                                  
     9                                  segment data use32 class=data
    10                                  
    11 00000000 02                       a db 2
    12 00000001 02                       b db 2
    13 00000002 04                       c db 4
    14 00000003 07000000                 d dd 7
    15 00000007 0600000000000000         e dq 6
    16                                   
    17                                  
    18                                  segment code use32 class=code
    19                                      start:
    20                                      ;   2/(a+b*c-9)+e-d
    21 00000000 A0[01000000]                mov al, [b]
    22 00000005 F625[02000000]              mul byte [c] ; AX = b*c
    23                                      
    24 0000000B 8A1D[00000000]              mov bl, [a]
    25                                      
    26 00000011 B700                        mov bh, 0
    27 00000013 6601C3                      add bx,ax
    28                                      
    29 00000016 6683EB09                    sub bx, 9 ; bx = (a+b*c-9)
    30                                      
    31 0000001A B802000000                  mov eax, 2
    32 0000001F 66BA0000                    mov dx,0
    33 00000023 66F7F3                      div bx ; ax = 2/ paranteza
    34                                      
    35                                  
    36                                      
    37 00000026 BA00000000                  mov edx,0
    38 0000002B 0305[07000000]              add eax, [e]
    39 00000031 1315[0B000000]              adc edx, [e+4]
    40                                      
    41 00000037 2B05[03000000]              sub eax, [d]
    42 0000003D 83DA00                      sbb edx , 0
    43                                      
    44                                      
    45                                      
    46                                      
    47                                  
    48 00000040 6A00                            push    dword 0
    49 00000042 FF15[00000000]                  call    [exit] 
